<?xml version="1.0" encoding="UTF-8"?>
<testsuite xmlns:xsi="http://www.w3.org/2001/XMLSchema-instance" xsi:noNamespaceSchemaLocation="https://maven.apache.org/surefire/maven-surefire-plugin/xsd/surefire-test-report.xsd" name="com.example.MovieAppTest" time="1.134" tests="7" errors="0" skipped="0" failures="0">
  <properties>
[...]
</properties>
  <testcase name="testDeletePersonNotFound" classname="com.example.MovieAppTest" time="1.014"/>
  <testcase name="testAddMovie" classname="com.example.MovieAppTest" time="0.021"/>
  <testcase name="testListMovies" classname="com.example.MovieAppTest" time="0.012"/>
  <testcase name="testAddExistingPerson" classname="com.example.MovieAppTest" time="0.004"/>
  <testcase name="testAddPerson" classname="com.example.MovieAppTest" time="0.008"/>
  <testcase name="testDeleteDirector" classname="com.example.MovieAppTest" time="0.006"/>
  <testcase name="testAddMovieWithUnknownDirector" classname="com.example.MovieAppTest" time="0.009"/>
</testsuite>